[uwsgi-python-reloader] module/file /app/./wsgi.py has been modified
...gracefully killing workers...
Gracefully killing worker 1 (pid: 90)...
worker 1 buried after 1 seconds
binary reloading uWSGI...
chdir() to /app
closing all non-uwsgi socket fds > 2 (max_fd = 1048576)...
found fd 3 mapped to socket 0 (/tmp/uwsgi.sock)
running /usr/local/bin/uwsgi
[uWSGI] getting INI configuration from /app/app.ini
*** Starting uWSGI 2.0.21 (64bit) on [Fri Mar 10 23:22:50 2023] ***
compiled with version: 10.2.1 20210110 on 10 March 2023 22:52:48
os: Linux-5.10.76-linuxkit #1 SMP PREEMPT Mon Nov 8 11:22:26 UTC 2021
nodename: af3f2f52c830
machine: aarch64
clock source: unix
pcre jit disabled
detected number of CPU cores: 4
current working directory: /app
detected binary path: /usr/local/bin/uwsgi
uWSGI running as root, you can use --uid/--gid/--chroot options
*** WARNING: you are running uWSGI as root !!! (use the --uid flag) *** 
your memory page size is 4096 bytes
detected max file descriptor number: 1048576
lock engine: pthread robust mutexes
thunder lock: disabled (you can enable it with --thunder-lock)
uwsgi socket 0 inherited UNIX address /tmp/uwsgi.sock fd 3
uWSGI running as root, you can use --uid/--gid/--chroot options
*** WARNING: you are running uWSGI as root !!! (use the --uid flag) *** 
Python version: 3.9.7 (default, Oct 16 2021, 10:16:06)  [GCC 10.2.1 20210110]
Python main interpreter initialized at 0xaaaad08711a0
uWSGI running as root, you can use --uid/--gid/--chroot options
*** WARNING: you are running uWSGI as root !!! (use the --uid flag) *** 
python threads support enabled
your server socket listen backlog is limited to 100 connections
your mercy for graceful operations on workers is 60 seconds
mapped 145840 bytes (142 KB) for 1 cores
*** Operational MODE: single process ***
WSGI app 0 (mountpoint='') ready in 0 seconds on interpreter 0xaaaad08711a0 pid: 1 (default app)
mountpoint  already configured. skip.
uWSGI running as root, you can use --uid/--gid/--chroot options
*** WARNING: you are running uWSGI as root !!! (use the --uid flag) *** 
*** uWSGI is running in multiple interpreter mode ***
gracefully (RE)spawned uWSGI master process (pid: 1)
spawned uWSGI worker 1 (pid: 608, cores: 1)
Python auto-reloader enabled
[uwsgi-python-reloader] module/file /app/./wsgi.py has been modified
...gracefully killing workers...
Gracefully killing worker 1 (pid: 608)...
worker 1 buried after 1 seconds
binary reloading uWSGI...
chdir() to /app
closing all non-uwsgi socket fds > 2 (max_fd = 1048576)...
found fd 3 mapped to socket 0 (/tmp/uwsgi.sock)
running /usr/local/bin/uwsgi
[uWSGI] getting INI configuration from /app/app.ini
*** Starting uWSGI 2.0.21 (64bit) on [Fri Mar 10 23:22:58 2023] ***
compiled with version: 10.2.1 20210110 on 10 March 2023 22:52:48
os: Linux-5.10.76-linuxkit #1 SMP PREEMPT Mon Nov 8 11:22:26 UTC 2021
nodename: af3f2f52c830
machine: aarch64
clock source: unix
pcre jit disabled
detected number of CPU cores: 4
current working directory: /app
detected binary path: /usr/local/bin/uwsgi
uWSGI running as root, you can use --uid/--gid/--chroot options
*** WARNING: you are running uWSGI as root !!! (use the --uid flag) *** 
your memory page size is 4096 bytes
detected max file descriptor number: 1048576
lock engine: pthread robust mutexes
thunder lock: disabled (you can enable it with --thunder-lock)
uwsgi socket 0 inherited UNIX address /tmp/uwsgi.sock fd 3
uWSGI running as root, you can use --uid/--gid/--chroot options
*** WARNING: you are running uWSGI as root !!! (use the --uid flag) *** 
Python version: 3.9.7 (default, Oct 16 2021, 10:16:06)  [GCC 10.2.1 20210110]
Python main interpreter initialized at 0xaaaae82c41a0
uWSGI running as root, you can use --uid/--gid/--chroot options
*** WARNING: you are running uWSGI as root !!! (use the --uid flag) *** 
python threads support enabled
your server socket listen backlog is limited to 100 connections
your mercy for graceful operations on workers is 60 seconds
mapped 145840 bytes (142 KB) for 1 cores
*** Operational MODE: single process ***
WSGI app 0 (mountpoint='') ready in 0 seconds on interpreter 0xaaaae82c41a0 pid: 1 (default app)
mountpoint  already configured. skip.
uWSGI running as root, you can use --uid/--gid/--chroot options
*** WARNING: you are running uWSGI as root !!! (use the --uid flag) *** 
*** uWSGI is running in multiple interpreter mode ***
gracefully (RE)spawned uWSGI master process (pid: 1)
spawned uWSGI worker 1 (pid: 635, cores: 1)
Python auto-reloader enabled
[uwsgi-python-reloader] module/file /app/./wsgi.py has been modified
...gracefully killing workers...
Gracefully killing worker 1 (pid: 635)...
worker 1 buried after 1 seconds
binary reloading uWSGI...
chdir() to /app
closing all non-uwsgi socket fds > 2 (max_fd = 1048576)...
found fd 3 mapped to socket 0 (/tmp/uwsgi.sock)
running /usr/local/bin/uwsgi
[uWSGI] getting INI configuration from /app/app.ini
*** Starting uWSGI 2.0.21 (64bit) on [Fri Mar 10 23:23:06 2023] ***
compiled with version: 10.2.1 20210110 on 10 March 2023 22:52:48
os: Linux-5.10.76-linuxkit #1 SMP PREEMPT Mon Nov 8 11:22:26 UTC 2021
nodename: af3f2f52c830
machine: aarch64
clock source: unix
pcre jit disabled
detected number of CPU cores: 4
current working directory: /app
detected binary path: /usr/local/bin/uwsgi
uWSGI running as root, you can use --uid/--gid/--chroot options
*** WARNING: you are running uWSGI as root !!! (use the --uid flag) *** 
your memory page size is 4096 bytes
detected max file descriptor number: 1048576
lock engine: pthread robust mutexes
thunder lock: disabled (you can enable it with --thunder-lock)
uwsgi socket 0 inherited UNIX address /tmp/uwsgi.sock fd 3
uWSGI running as root, you can use --uid/--gid/--chroot options
*** WARNING: you are running uWSGI as root !!! (use the --uid flag) *** 
Python version: 3.9.7 (default, Oct 16 2021, 10:16:06)  [GCC 10.2.1 20210110]
Python main interpreter initialized at 0xaaaac24881a0
uWSGI running as root, you can use --uid/--gid/--chroot options
*** WARNING: you are running uWSGI as root !!! (use the --uid flag) *** 
python threads support enabled
your server socket listen backlog is limited to 100 connections
your mercy for graceful operations on workers is 60 seconds
mapped 145840 bytes (142 KB) for 1 cores
*** Operational MODE: single process ***
WSGI app 0 (mountpoint='') ready in 0 seconds on interpreter 0xaaaac24881a0 pid: 1 (default app)
mountpoint  already configured. skip.
uWSGI running as root, you can use --uid/--gid/--chroot options
*** WARNING: you are running uWSGI as root !!! (use the --uid flag) *** 
*** uWSGI is running in multiple interpreter mode ***
gracefully (RE)spawned uWSGI master process (pid: 1)
spawned uWSGI worker 1 (pid: 662, cores: 1)
Python auto-reloader enabled
...brutally killing workers...
worker 1 buried after 1 seconds
binary reloading uWSGI...
chdir() to /app
closing all non-uwsgi socket fds > 2 (max_fd = 1048576)...
found fd 3 mapped to socket 0 (/tmp/uwsgi.sock)
running /usr/local/bin/uwsgi
[uWSGI] getting INI configuration from /app/app.ini
*** Starting uWSGI 2.0.21 (64bit) on [Fri Mar 10 23:36:26 2023] ***
compiled with version: 10.2.1 20210110 on 10 March 2023 22:52:48
os: Linux-5.10.76-linuxkit #1 SMP PREEMPT Mon Nov 8 11:22:26 UTC 2021
nodename: af3f2f52c830
machine: aarch64
clock source: unix
pcre jit disabled
detected number of CPU cores: 4
current working directory: /app
detected binary path: /usr/local/bin/uwsgi
uWSGI running as root, you can use --uid/--gid/--chroot options
*** WARNING: you are running uWSGI as root !!! (use the --uid flag) *** 
your memory page size is 4096 bytes
detected max file descriptor number: 1048576
lock engine: pthread robust mutexes
thunder lock: disabled (you can enable it with --thunder-lock)
uwsgi socket 0 inherited UNIX address /tmp/uwsgi.sock fd 3
uWSGI running as root, you can use --uid/--gid/--chroot options
*** WARNING: you are running uWSGI as root !!! (use the --uid flag) *** 
Python version: 3.9.7 (default, Oct 16 2021, 10:16:06)  [GCC 10.2.1 20210110]
Python main interpreter initialized at 0xaaaad27351a0
uWSGI running as root, you can use --uid/--gid/--chroot options
*** WARNING: you are running uWSGI as root !!! (use the --uid flag) *** 
python threads support enabled
your server socket listen backlog is limited to 100 connections
your mercy for graceful operations on workers is 60 seconds
mapped 145840 bytes (142 KB) for 1 cores
*** Operational MODE: single process ***
WSGI app 0 (mountpoint='') ready in 0 seconds on interpreter 0xaaaad27351a0 pid: 1 (default app)
mountpoint  already configured. skip.
uWSGI running as root, you can use --uid/--gid/--chroot options
*** WARNING: you are running uWSGI as root !!! (use the --uid flag) *** 
*** uWSGI is running in multiple interpreter mode ***
gracefully (RE)spawned uWSGI master process (pid: 1)
spawned uWSGI worker 1 (pid: 689, cores: 1)
Python auto-reloader enabled
*** Starting uWSGI 2.0.21 (64bit) on [Fri Mar 10 23:36:36 2023] ***
compiled with version: 10.2.1 20210110 on 10 March 2023 23:35:35
os: Linux-5.10.76-linuxkit #1 SMP PREEMPT Mon Nov 8 11:22:26 UTC 2021
nodename: e41d6c32ea02
machine: aarch64
clock source: unix
pcre jit disabled
detected number of CPU cores: 4
current working directory: /app
detected binary path: /usr/local/bin/uwsgi
uWSGI running as root, you can use --uid/--gid/--chroot options
*** WARNING: you are running uWSGI as root !!! (use the --uid flag) *** 
your memory page size is 4096 bytes
detected max file descriptor number: 1048576
lock engine: pthread robust mutexes
thunder lock: disabled (you can enable it with --thunder-lock)
uwsgi socket 0 bound to UNIX address /tmp/uwsgi.sock fd 3
uWSGI running as root, you can use --uid/--gid/--chroot options
*** WARNING: you are running uWSGI as root !!! (use the --uid flag) *** 
Python version: 3.9.7 (default, Oct 16 2021, 10:16:06)  [GCC 10.2.1 20210110]
Python main interpreter initialized at 0xaaaac9934220
uWSGI running as root, you can use --uid/--gid/--chroot options
*** WARNING: you are running uWSGI as root !!! (use the --uid flag) *** 
python threads support enabled
your server socket listen backlog is limited to 100 connections
your mercy for graceful operations on workers is 60 seconds
mapped 145840 bytes (142 KB) for 1 cores
*** Operational MODE: single process ***
WSGI app 0 (mountpoint='') ready in 0 seconds on interpreter 0xaaaac9934220 pid: 1 (default app)
mountpoint  already configured. skip.
uWSGI running as root, you can use --uid/--gid/--chroot options
*** WARNING: you are running uWSGI as root !!! (use the --uid flag) *** 
*** uWSGI is running in multiple interpreter mode ***
spawned uWSGI master process (pid: 1)
spawned uWSGI worker 1 (pid: 8, cores: 1)
Python auto-reloader enabled
*** Starting uWSGI 2.0.21 (64bit) on [Sun Mar 12 01:27:28 2023] ***
compiled with version: 10.2.1 20210110 on 10 March 2023 23:35:35
os: Linux-5.10.76-linuxkit #1 SMP PREEMPT Mon Nov 8 11:22:26 UTC 2021
nodename: e41d6c32ea02
machine: aarch64
clock source: unix
pcre jit disabled
detected number of CPU cores: 4
current working directory: /app
detected binary path: /usr/local/bin/uwsgi
uWSGI running as root, you can use --uid/--gid/--chroot options
*** WARNING: you are running uWSGI as root !!! (use the --uid flag) *** 
your memory page size is 4096 bytes
detected max file descriptor number: 1048576
lock engine: pthread robust mutexes
thunder lock: disabled (you can enable it with --thunder-lock)
uwsgi socket 0 bound to UNIX address /tmp/uwsgi.sock fd 3
uWSGI running as root, you can use --uid/--gid/--chroot options
*** WARNING: you are running uWSGI as root !!! (use the --uid flag) *** 
Python version: 3.9.7 (default, Oct 16 2021, 10:16:06)  [GCC 10.2.1 20210110]
Python main interpreter initialized at 0xaaaafcf2c220
uWSGI running as root, you can use --uid/--gid/--chroot options
*** WARNING: you are running uWSGI as root !!! (use the --uid flag) *** 
python threads support enabled
your server socket listen backlog is limited to 100 connections
your mercy for graceful operations on workers is 60 seconds
mapped 145840 bytes (142 KB) for 1 cores
*** Operational MODE: single process ***
WSGI app 0 (mountpoint='') ready in 0 seconds on interpreter 0xaaaafcf2c220 pid: 1 (default app)
mountpoint  already configured. skip.
uWSGI running as root, you can use --uid/--gid/--chroot options
*** WARNING: you are running uWSGI as root !!! (use the --uid flag) *** 
*** uWSGI is running in multiple interpreter mode ***
spawned uWSGI master process (pid: 1)
spawned uWSGI worker 1 (pid: 8, cores: 1)
Python auto-reloader enabled
[uwsgi-python-reloader] module/file /app/./app.py has been modified
...gracefully killing workers...
Gracefully killing worker 1 (pid: 8)...
worker 1 buried after 1 seconds
binary reloading uWSGI...
chdir() to /app
closing all non-uwsgi socket fds > 2 (max_fd = 1048576)...
found fd 3 mapped to socket 0 (/tmp/uwsgi.sock)
running /usr/local/bin/uwsgi
[uWSGI] getting INI configuration from /app/app.ini
*** Starting uWSGI 2.0.21 (64bit) on [Sun Mar 12 01:28:11 2023] ***
compiled with version: 10.2.1 20210110 on 10 March 2023 23:35:35
os: Linux-5.10.76-linuxkit #1 SMP PREEMPT Mon Nov 8 11:22:26 UTC 2021
nodename: e41d6c32ea02
machine: aarch64
clock source: unix
pcre jit disabled
detected number of CPU cores: 4
current working directory: /app
detected binary path: /usr/local/bin/uwsgi
uWSGI running as root, you can use --uid/--gid/--chroot options
*** WARNING: you are running uWSGI as root !!! (use the --uid flag) *** 
your memory page size is 4096 bytes
detected max file descriptor number: 1048576
lock engine: pthread robust mutexes
thunder lock: disabled (you can enable it with --thunder-lock)
uwsgi socket 0 inherited UNIX address /tmp/uwsgi.sock fd 3
uWSGI running as root, you can use --uid/--gid/--chroot options
*** WARNING: you are running uWSGI as root !!! (use the --uid flag) *** 
Python version: 3.9.7 (default, Oct 16 2021, 10:16:06)  [GCC 10.2.1 20210110]
Python main interpreter initialized at 0xaaaafde4d1a0
uWSGI running as root, you can use --uid/--gid/--chroot options
*** WARNING: you are running uWSGI as root !!! (use the --uid flag) *** 
python threads support enabled
your server socket listen backlog is limited to 100 connections
your mercy for graceful operations on workers is 60 seconds
mapped 145840 bytes (142 KB) for 1 cores
*** Operational MODE: single process ***
WSGI app 0 (mountpoint='') ready in 1 seconds on interpreter 0xaaaafde4d1a0 pid: 1 (default app)
mountpoint  already configured. skip.
uWSGI running as root, you can use --uid/--gid/--chroot options
*** WARNING: you are running uWSGI as root !!! (use the --uid flag) *** 
*** uWSGI is running in multiple interpreter mode ***
gracefully (RE)spawned uWSGI master process (pid: 1)
spawned uWSGI worker 1 (pid: 48, cores: 1)
Python auto-reloader enabled
[uwsgi-python-reloader] module/file /app/./app.py has been modified
...gracefully killing workers...
Gracefully killing worker 1 (pid: 48)...
worker 1 buried after 1 seconds
binary reloading uWSGI...
chdir() to /app
closing all non-uwsgi socket fds > 2 (max_fd = 1048576)...
found fd 3 mapped to socket 0 (/tmp/uwsgi.sock)
running /usr/local/bin/uwsgi
[uWSGI] getting INI configuration from /app/app.ini
*** Starting uWSGI 2.0.21 (64bit) on [Sun Mar 12 01:28:28 2023] ***
compiled with version: 10.2.1 20210110 on 10 March 2023 23:35:35
os: Linux-5.10.76-linuxkit #1 SMP PREEMPT Mon Nov 8 11:22:26 UTC 2021
nodename: e41d6c32ea02
machine: aarch64
clock source: unix
pcre jit disabled
detected number of CPU cores: 4
current working directory: /app
detected binary path: /usr/local/bin/uwsgi
uWSGI running as root, you can use --uid/--gid/--chroot options
*** WARNING: you are running uWSGI as root !!! (use the --uid flag) *** 
your memory page size is 4096 bytes
detected max file descriptor number: 1048576
lock engine: pthread robust mutexes
thunder lock: disabled (you can enable it with --thunder-lock)
uwsgi socket 0 inherited UNIX address /tmp/uwsgi.sock fd 3
uWSGI running as root, you can use --uid/--gid/--chroot options
*** WARNING: you are running uWSGI as root !!! (use the --uid flag) *** 
Python version: 3.9.7 (default, Oct 16 2021, 10:16:06)  [GCC 10.2.1 20210110]
Python main interpreter initialized at 0xaaab00a821a0
uWSGI running as root, you can use --uid/--gid/--chroot options
*** WARNING: you are running uWSGI as root !!! (use the --uid flag) *** 
python threads support enabled
your server socket listen backlog is limited to 100 connections
your mercy for graceful operations on workers is 60 seconds
mapped 145840 bytes (142 KB) for 1 cores
*** Operational MODE: single process ***
WSGI app 0 (mountpoint='') ready in 0 seconds on interpreter 0xaaab00a821a0 pid: 1 (default app)
mountpoint  already configured. skip.
uWSGI running as root, you can use --uid/--gid/--chroot options
*** WARNING: you are running uWSGI as root !!! (use the --uid flag) *** 
*** uWSGI is running in multiple interpreter mode ***
gracefully (RE)spawned uWSGI master process (pid: 1)
spawned uWSGI worker 1 (pid: 67, cores: 1)
Python auto-reloader enabled
[uwsgi-python-reloader] module/file /app/./app.py has been modified
...gracefully killing workers...
Gracefully killing worker 1 (pid: 67)...
worker 1 buried after 1 seconds
binary reloading uWSGI...
chdir() to /app
closing all non-uwsgi socket fds > 2 (max_fd = 1048576)...
found fd 3 mapped to socket 0 (/tmp/uwsgi.sock)
running /usr/local/bin/uwsgi
[uWSGI] getting INI configuration from /app/app.ini
*** Starting uWSGI 2.0.21 (64bit) on [Sun Mar 12 01:28:42 2023] ***
compiled with version: 10.2.1 20210110 on 10 March 2023 23:35:35
os: Linux-5.10.76-linuxkit #1 SMP PREEMPT Mon Nov 8 11:22:26 UTC 2021
nodename: e41d6c32ea02
machine: aarch64
clock source: unix
pcre jit disabled
detected number of CPU cores: 4
current working directory: /app
detected binary path: /usr/local/bin/uwsgi
uWSGI running as root, you can use --uid/--gid/--chroot options
*** WARNING: you are running uWSGI as root !!! (use the --uid flag) *** 
your memory page size is 4096 bytes
detected max file descriptor number: 1048576
lock engine: pthread robust mutexes
thunder lock: disabled (you can enable it with --thunder-lock)
uwsgi socket 0 inherited UNIX address /tmp/uwsgi.sock fd 3
uWSGI running as root, you can use --uid/--gid/--chroot options
*** WARNING: you are running uWSGI as root !!! (use the --uid flag) *** 
Python version: 3.9.7 (default, Oct 16 2021, 10:16:06)  [GCC 10.2.1 20210110]
Python main interpreter initialized at 0xaaaab76fa1a0
uWSGI running as root, you can use --uid/--gid/--chroot options
*** WARNING: you are running uWSGI as root !!! (use the --uid flag) *** 
python threads support enabled
your server socket listen backlog is limited to 100 connections
your mercy for graceful operations on workers is 60 seconds
mapped 145840 bytes (142 KB) for 1 cores
*** Operational MODE: single process ***
WSGI app 0 (mountpoint='') ready in 0 seconds on interpreter 0xaaaab76fa1a0 pid: 1 (default app)
mountpoint  already configured. skip.
uWSGI running as root, you can use --uid/--gid/--chroot options
*** WARNING: you are running uWSGI as root !!! (use the --uid flag) *** 
*** uWSGI is running in multiple interpreter mode ***
gracefully (RE)spawned uWSGI master process (pid: 1)
spawned uWSGI worker 1 (pid: 96, cores: 1)
Python auto-reloader enabled
[uwsgi-python-reloader] module/file /app/./app.py has been modified
...gracefully killing workers...
Gracefully killing worker 1 (pid: 96)...
worker 1 buried after 1 seconds
binary reloading uWSGI...
chdir() to /app
closing all non-uwsgi socket fds > 2 (max_fd = 1048576)...
found fd 3 mapped to socket 0 (/tmp/uwsgi.sock)
running /usr/local/bin/uwsgi
[uWSGI] getting INI configuration from /app/app.ini
*** Starting uWSGI 2.0.21 (64bit) on [Sun Mar 12 01:29:03 2023] ***
compiled with version: 10.2.1 20210110 on 10 March 2023 23:35:35
os: Linux-5.10.76-linuxkit #1 SMP PREEMPT Mon Nov 8 11:22:26 UTC 2021
nodename: e41d6c32ea02
machine: aarch64
clock source: unix
pcre jit disabled
detected number of CPU cores: 4
current working directory: /app
detected binary path: /usr/local/bin/uwsgi
uWSGI running as root, you can use --uid/--gid/--chroot options
*** WARNING: you are running uWSGI as root !!! (use the --uid flag) *** 
your memory page size is 4096 bytes
detected max file descriptor number: 1048576
lock engine: pthread robust mutexes
thunder lock: disabled (you can enable it with --thunder-lock)
uwsgi socket 0 inherited UNIX address /tmp/uwsgi.sock fd 3
uWSGI running as root, you can use --uid/--gid/--chroot options
*** WARNING: you are running uWSGI as root !!! (use the --uid flag) *** 
Python version: 3.9.7 (default, Oct 16 2021, 10:16:06)  [GCC 10.2.1 20210110]
Python main interpreter initialized at 0xaaaae6c251a0
uWSGI running as root, you can use --uid/--gid/--chroot options
*** WARNING: you are running uWSGI as root !!! (use the --uid flag) *** 
python threads support enabled
your server socket listen backlog is limited to 100 connections
your mercy for graceful operations on workers is 60 seconds
mapped 145840 bytes (142 KB) for 1 cores
*** Operational MODE: single process ***
WSGI app 0 (mountpoint='') ready in 0 seconds on interpreter 0xaaaae6c251a0 pid: 1 (default app)
mountpoint  already configured. skip.
uWSGI running as root, you can use --uid/--gid/--chroot options
*** WARNING: you are running uWSGI as root !!! (use the --uid flag) *** 
*** uWSGI is running in multiple interpreter mode ***
gracefully (RE)spawned uWSGI master process (pid: 1)
spawned uWSGI worker 1 (pid: 98, cores: 1)
Python auto-reloader enabled
[uwsgi-python-reloader] module/file /app/./app.py has been modified
...gracefully killing workers...
Gracefully killing worker 1 (pid: 98)...
worker 1 buried after 1 seconds
binary reloading uWSGI...
chdir() to /app
closing all non-uwsgi socket fds > 2 (max_fd = 1048576)...
found fd 3 mapped to socket 0 (/tmp/uwsgi.sock)
running /usr/local/bin/uwsgi
[uWSGI] getting INI configuration from /app/app.ini
*** Starting uWSGI 2.0.21 (64bit) on [Sun Mar 12 01:29:27 2023] ***
compiled with version: 10.2.1 20210110 on 10 March 2023 23:35:35
os: Linux-5.10.76-linuxkit #1 SMP PREEMPT Mon Nov 8 11:22:26 UTC 2021
nodename: e41d6c32ea02
machine: aarch64
clock source: unix
pcre jit disabled
detected number of CPU cores: 4
current working directory: /app
detected binary path: /usr/local/bin/uwsgi
uWSGI running as root, you can use --uid/--gid/--chroot options
*** WARNING: you are running uWSGI as root !!! (use the --uid flag) *** 
your memory page size is 4096 bytes
detected max file descriptor number: 1048576
lock engine: pthread robust mutexes
thunder lock: disabled (you can enable it with --thunder-lock)
uwsgi socket 0 inherited UNIX address /tmp/uwsgi.sock fd 3
uWSGI running as root, you can use --uid/--gid/--chroot options
*** WARNING: you are running uWSGI as root !!! (use the --uid flag) *** 
Python version: 3.9.7 (default, Oct 16 2021, 10:16:06)  [GCC 10.2.1 20210110]
Python main interpreter initialized at 0xaaab0e7361a0
uWSGI running as root, you can use --uid/--gid/--chroot options
*** WARNING: you are running uWSGI as root !!! (use the --uid flag) *** 
python threads support enabled
your server socket listen backlog is limited to 100 connections
your mercy for graceful operations on workers is 60 seconds
mapped 145840 bytes (142 KB) for 1 cores
*** Operational MODE: single process ***
WSGI app 0 (mountpoint='') ready in 0 seconds on interpreter 0xaaab0e7361a0 pid: 1 (default app)
mountpoint  already configured. skip.
uWSGI running as root, you can use --uid/--gid/--chroot options
*** WARNING: you are running uWSGI as root !!! (use the --uid flag) *** 
*** uWSGI is running in multiple interpreter mode ***
gracefully (RE)spawned uWSGI master process (pid: 1)
spawned uWSGI worker 1 (pid: 128, cores: 1)
Python auto-reloader enabled
[uwsgi-python-reloader] module/file /app/./app.py has been modified
...gracefully killing workers...
Gracefully killing worker 1 (pid: 128)...
worker 1 buried after 1 seconds
binary reloading uWSGI...
chdir() to /app
closing all non-uwsgi socket fds > 2 (max_fd = 1048576)...
found fd 3 mapped to socket 0 (/tmp/uwsgi.sock)
running /usr/local/bin/uwsgi
[uWSGI] getting INI configuration from /app/app.ini
*** Starting uWSGI 2.0.21 (64bit) on [Sun Mar 12 01:29:31 2023] ***
compiled with version: 10.2.1 20210110 on 10 March 2023 23:35:35
os: Linux-5.10.76-linuxkit #1 SMP PREEMPT Mon Nov 8 11:22:26 UTC 2021
nodename: e41d6c32ea02
machine: aarch64
clock source: unix
pcre jit disabled
detected number of CPU cores: 4
current working directory: /app
detected binary path: /usr/local/bin/uwsgi
uWSGI running as root, you can use --uid/--gid/--chroot options
*** WARNING: you are running uWSGI as root !!! (use the --uid flag) *** 
your memory page size is 4096 bytes
detected max file descriptor number: 1048576
lock engine: pthread robust mutexes
thunder lock: disabled (you can enable it with --thunder-lock)
uwsgi socket 0 inherited UNIX address /tmp/uwsgi.sock fd 3
uWSGI running as root, you can use --uid/--gid/--chroot options
*** WARNING: you are running uWSGI as root !!! (use the --uid flag) *** 
Python version: 3.9.7 (default, Oct 16 2021, 10:16:06)  [GCC 10.2.1 20210110]
Python main interpreter initialized at 0xaaaac702c1a0
uWSGI running as root, you can use --uid/--gid/--chroot options
*** WARNING: you are running uWSGI as root !!! (use the --uid flag) *** 
python threads support enabled
your server socket listen backlog is limited to 100 connections
your mercy for graceful operations on workers is 60 seconds
mapped 145840 bytes (142 KB) for 1 cores
*** Operational MODE: single process ***
WSGI app 0 (mountpoint='') ready in 0 seconds on interpreter 0xaaaac702c1a0 pid: 1 (default app)
mountpoint  already configured. skip.
uWSGI running as root, you can use --uid/--gid/--chroot options
*** WARNING: you are running uWSGI as root !!! (use the --uid flag) *** 
*** uWSGI is running in multiple interpreter mode ***
gracefully (RE)spawned uWSGI master process (pid: 1)
spawned uWSGI worker 1 (pid: 130, cores: 1)
Python auto-reloader enabled
[uwsgi-python-reloader] module/file /app/./app.py has been modified
...gracefully killing workers...
Gracefully killing worker 1 (pid: 130)...
worker 1 buried after 1 seconds
binary reloading uWSGI...
chdir() to /app
closing all non-uwsgi socket fds > 2 (max_fd = 1048576)...
found fd 3 mapped to socket 0 (/tmp/uwsgi.sock)
running /usr/local/bin/uwsgi
[uWSGI] getting INI configuration from /app/app.ini
*** Starting uWSGI 2.0.21 (64bit) on [Sun Mar 12 01:29:43 2023] ***
compiled with version: 10.2.1 20210110 on 10 March 2023 23:35:35
os: Linux-5.10.76-linuxkit #1 SMP PREEMPT Mon Nov 8 11:22:26 UTC 2021
nodename: e41d6c32ea02
machine: aarch64
clock source: unix
pcre jit disabled
detected number of CPU cores: 4
current working directory: /app
detected binary path: /usr/local/bin/uwsgi
uWSGI running as root, you can use --uid/--gid/--chroot options
*** WARNING: you are running uWSGI as root !!! (use the --uid flag) *** 
your memory page size is 4096 bytes
detected max file descriptor number: 1048576
lock engine: pthread robust mutexes
thunder lock: disabled (you can enable it with --thunder-lock)
uwsgi socket 0 inherited UNIX address /tmp/uwsgi.sock fd 3
uWSGI running as root, you can use --uid/--gid/--chroot options
*** WARNING: you are running uWSGI as root !!! (use the --uid flag) *** 
Python version: 3.9.7 (default, Oct 16 2021, 10:16:06)  [GCC 10.2.1 20210110]
Python main interpreter initialized at 0xaaab1223c1a0
uWSGI running as root, you can use --uid/--gid/--chroot options
*** WARNING: you are running uWSGI as root !!! (use the --uid flag) *** 
python threads support enabled
your server socket listen backlog is limited to 100 connections
your mercy for graceful operations on workers is 60 seconds
mapped 145840 bytes (142 KB) for 1 cores
*** Operational MODE: single process ***
WSGI app 0 (mountpoint='') ready in 0 seconds on interpreter 0xaaab1223c1a0 pid: 1 (default app)
mountpoint  already configured. skip.
uWSGI running as root, you can use --uid/--gid/--chroot options
*** WARNING: you are running uWSGI as root !!! (use the --uid flag) *** 
*** uWSGI is running in multiple interpreter mode ***
gracefully (RE)spawned uWSGI master process (pid: 1)
spawned uWSGI worker 1 (pid: 159, cores: 1)
Python auto-reloader enabled
[uwsgi-python-reloader] module/file /app/./app.py has been modified
...gracefully killing workers...
Gracefully killing worker 1 (pid: 159)...
worker 1 buried after 1 seconds
binary reloading uWSGI...
chdir() to /app
closing all non-uwsgi socket fds > 2 (max_fd = 1048576)...
found fd 3 mapped to socket 0 (/tmp/uwsgi.sock)
running /usr/local/bin/uwsgi
[uWSGI] getting INI configuration from /app/app.ini
*** Starting uWSGI 2.0.21 (64bit) on [Sun Mar 12 01:29:53 2023] ***
compiled with version: 10.2.1 20210110 on 10 March 2023 23:35:35
os: Linux-5.10.76-linuxkit #1 SMP PREEMPT Mon Nov 8 11:22:26 UTC 2021
nodename: e41d6c32ea02
machine: aarch64
clock source: unix
pcre jit disabled
detected number of CPU cores: 4
current working directory: /app
detected binary path: /usr/local/bin/uwsgi
uWSGI running as root, you can use --uid/--gid/--chroot options
*** WARNING: you are running uWSGI as root !!! (use the --uid flag) *** 
your memory page size is 4096 bytes
detected max file descriptor number: 1048576
lock engine: pthread robust mutexes
thunder lock: disabled (you can enable it with --thunder-lock)
uwsgi socket 0 inherited UNIX address /tmp/uwsgi.sock fd 3
uWSGI running as root, you can use --uid/--gid/--chroot options
*** WARNING: you are running uWSGI as root !!! (use the --uid flag) *** 
Python version: 3.9.7 (default, Oct 16 2021, 10:16:06)  [GCC 10.2.1 20210110]
Python main interpreter initialized at 0xaaaabd38c1a0
uWSGI running as root, you can use --uid/--gid/--chroot options
*** WARNING: you are running uWSGI as root !!! (use the --uid flag) *** 
python threads support enabled
your server socket listen backlog is limited to 100 connections
your mercy for graceful operations on workers is 60 seconds
mapped 145840 bytes (142 KB) for 1 cores
*** Operational MODE: single process ***
WSGI app 0 (mountpoint='') ready in 0 seconds on interpreter 0xaaaabd38c1a0 pid: 1 (default app)
mountpoint  already configured. skip.
uWSGI running as root, you can use --uid/--gid/--chroot options
*** WARNING: you are running uWSGI as root !!! (use the --uid flag) *** 
*** uWSGI is running in multiple interpreter mode ***
gracefully (RE)spawned uWSGI master process (pid: 1)
spawned uWSGI worker 1 (pid: 187, cores: 1)
Python auto-reloader enabled
[uwsgi-python-reloader] module/file /app/./app.py has been modified
...gracefully killing workers...
Gracefully killing worker 1 (pid: 187)...
worker 1 buried after 1 seconds
binary reloading uWSGI...
chdir() to /app
closing all non-uwsgi socket fds > 2 (max_fd = 1048576)...
found fd 3 mapped to socket 0 (/tmp/uwsgi.sock)
running /usr/local/bin/uwsgi
[uWSGI] getting INI configuration from /app/app.ini
*** Starting uWSGI 2.0.21 (64bit) on [Sun Mar 12 01:30:05 2023] ***
compiled with version: 10.2.1 20210110 on 10 March 2023 23:35:35
os: Linux-5.10.76-linuxkit #1 SMP PREEMPT Mon Nov 8 11:22:26 UTC 2021
nodename: e41d6c32ea02
machine: aarch64
clock source: unix
pcre jit disabled
detected number of CPU cores: 4
current working directory: /app
detected binary path: /usr/local/bin/uwsgi
uWSGI running as root, you can use --uid/--gid/--chroot options
*** WARNING: you are running uWSGI as root !!! (use the --uid flag) *** 
your memory page size is 4096 bytes
detected max file descriptor number: 1048576
lock engine: pthread robust mutexes
thunder lock: disabled (you can enable it with --thunder-lock)
uwsgi socket 0 inherited UNIX address /tmp/uwsgi.sock fd 3
uWSGI running as root, you can use --uid/--gid/--chroot options
*** WARNING: you are running uWSGI as root !!! (use the --uid flag) *** 
Python version: 3.9.7 (default, Oct 16 2021, 10:16:06)  [GCC 10.2.1 20210110]
Python main interpreter initialized at 0xaaaae66391a0
uWSGI running as root, you can use --uid/--gid/--chroot options
*** WARNING: you are running uWSGI as root !!! (use the --uid flag) *** 
python threads support enabled
your server socket listen backlog is limited to 100 connections
your mercy for graceful operations on workers is 60 seconds
mapped 145840 bytes (142 KB) for 1 cores
*** Operational MODE: single process ***
WSGI app 0 (mountpoint='') ready in 0 seconds on interpreter 0xaaaae66391a0 pid: 1 (default app)
mountpoint  already configured. skip.
uWSGI running as root, you can use --uid/--gid/--chroot options
*** WARNING: you are running uWSGI as root !!! (use the --uid flag) *** 
*** uWSGI is running in multiple interpreter mode ***
gracefully (RE)spawned uWSGI master process (pid: 1)
spawned uWSGI worker 1 (pid: 215, cores: 1)
Python auto-reloader enabled
[uwsgi-python-reloader] module/file /app/./app.py has been modified
...gracefully killing workers...
Gracefully killing worker 1 (pid: 215)...
worker 1 buried after 1 seconds
binary reloading uWSGI...
chdir() to /app
closing all non-uwsgi socket fds > 2 (max_fd = 1048576)...
found fd 3 mapped to socket 0 (/tmp/uwsgi.sock)
running /usr/local/bin/uwsgi
[uWSGI] getting INI configuration from /app/app.ini
*** Starting uWSGI 2.0.21 (64bit) on [Sun Mar 12 01:30:11 2023] ***
compiled with version: 10.2.1 20210110 on 10 March 2023 23:35:35
os: Linux-5.10.76-linuxkit #1 SMP PREEMPT Mon Nov 8 11:22:26 UTC 2021
nodename: e41d6c32ea02
machine: aarch64
clock source: unix
pcre jit disabled
detected number of CPU cores: 4
current working directory: /app
detected binary path: /usr/local/bin/uwsgi
uWSGI running as root, you can use --uid/--gid/--chroot options
*** WARNING: you are running uWSGI as root !!! (use the --uid flag) *** 
your memory page size is 4096 bytes
detected max file descriptor number: 1048576
lock engine: pthread robust mutexes
thunder lock: disabled (you can enable it with --thunder-lock)
uwsgi socket 0 inherited UNIX address /tmp/uwsgi.sock fd 3
uWSGI running as root, you can use --uid/--gid/--chroot options
*** WARNING: you are running uWSGI as root !!! (use the --uid flag) *** 
Python version: 3.9.7 (default, Oct 16 2021, 10:16:06)  [GCC 10.2.1 20210110]
Python main interpreter initialized at 0xaaaae40a71a0
uWSGI running as root, you can use --uid/--gid/--chroot options
*** WARNING: you are running uWSGI as root !!! (use the --uid flag) *** 
python threads support enabled
your server socket listen backlog is limited to 100 connections
your mercy for graceful operations on workers is 60 seconds
mapped 145840 bytes (142 KB) for 1 cores
*** Operational MODE: single process ***
WSGI app 0 (mountpoint='') ready in 0 seconds on interpreter 0xaaaae40a71a0 pid: 1 (default app)
mountpoint  already configured. skip.
uWSGI running as root, you can use --uid/--gid/--chroot options
*** WARNING: you are running uWSGI as root !!! (use the --uid flag) *** 
*** uWSGI is running in multiple interpreter mode ***
gracefully (RE)spawned uWSGI master process (pid: 1)
spawned uWSGI worker 1 (pid: 217, cores: 1)
Python auto-reloader enabled
[uwsgi-python-reloader] module/file /app/./app.py has been modified
...gracefully killing workers...
Gracefully killing worker 1 (pid: 217)...
worker 1 buried after 1 seconds
binary reloading uWSGI...
chdir() to /app
closing all non-uwsgi socket fds > 2 (max_fd = 1048576)...
found fd 3 mapped to socket 0 (/tmp/uwsgi.sock)
running /usr/local/bin/uwsgi
[uWSGI] getting INI configuration from /app/app.ini
*** Starting uWSGI 2.0.21 (64bit) on [Sun Mar 12 01:30:29 2023] ***
compiled with version: 10.2.1 20210110 on 10 March 2023 23:35:35
os: Linux-5.10.76-linuxkit #1 SMP PREEMPT Mon Nov 8 11:22:26 UTC 2021
nodename: e41d6c32ea02
machine: aarch64
clock source: unix
pcre jit disabled
detected number of CPU cores: 4
current working directory: /app
detected binary path: /usr/local/bin/uwsgi
uWSGI running as root, you can use --uid/--gid/--chroot options
*** WARNING: you are running uWSGI as root !!! (use the --uid flag) *** 
your memory page size is 4096 bytes
detected max file descriptor number: 1048576
lock engine: pthread robust mutexes
thunder lock: disabled (you can enable it with --thunder-lock)
uwsgi socket 0 inherited UNIX address /tmp/uwsgi.sock fd 3
uWSGI running as root, you can use --uid/--gid/--chroot options
*** WARNING: you are running uWSGI as root !!! (use the --uid flag) *** 
Python version: 3.9.7 (default, Oct 16 2021, 10:16:06)  [GCC 10.2.1 20210110]
Python main interpreter initialized at 0xaaaaefcff1a0
uWSGI running as root, you can use --uid/--gid/--chroot options
*** WARNING: you are running uWSGI as root !!! (use the --uid flag) *** 
python threads support enabled
your server socket listen backlog is limited to 100 connections
your mercy for graceful operations on workers is 60 seconds
mapped 145840 bytes (142 KB) for 1 cores
*** Operational MODE: single process ***
WSGI app 0 (mountpoint='') ready in 0 seconds on interpreter 0xaaaaefcff1a0 pid: 1 (default app)
mountpoint  already configured. skip.
uWSGI running as root, you can use --uid/--gid/--chroot options
*** WARNING: you are running uWSGI as root !!! (use the --uid flag) *** 
*** uWSGI is running in multiple interpreter mode ***
gracefully (RE)spawned uWSGI master process (pid: 1)
spawned uWSGI worker 1 (pid: 244, cores: 1)
Python auto-reloader enabled
[uwsgi-python-reloader] module/file /app/./app.py has been modified
...gracefully killing workers...
Gracefully killing worker 1 (pid: 244)...
worker 1 buried after 1 seconds
binary reloading uWSGI...
chdir() to /app
closing all non-uwsgi socket fds > 2 (max_fd = 1048576)...
found fd 3 mapped to socket 0 (/tmp/uwsgi.sock)
running /usr/local/bin/uwsgi
[uWSGI] getting INI configuration from /app/app.ini
*** Starting uWSGI 2.0.21 (64bit) on [Sun Mar 12 01:30:42 2023] ***
compiled with version: 10.2.1 20210110 on 10 March 2023 23:35:35
os: Linux-5.10.76-linuxkit #1 SMP PREEMPT Mon Nov 8 11:22:26 UTC 2021
nodename: e41d6c32ea02
machine: aarch64
clock source: unix
pcre jit disabled
detected number of CPU cores: 4
current working directory: /app
detected binary path: /usr/local/bin/uwsgi
uWSGI running as root, you can use --uid/--gid/--chroot options
*** WARNING: you are running uWSGI as root !!! (use the --uid flag) *** 
your memory page size is 4096 bytes
detected max file descriptor number: 1048576
lock engine: pthread robust mutexes
thunder lock: disabled (you can enable it with --thunder-lock)
uwsgi socket 0 inherited UNIX address /tmp/uwsgi.sock fd 3
uWSGI running as root, you can use --uid/--gid/--chroot options
*** WARNING: you are running uWSGI as root !!! (use the --uid flag) *** 
Python version: 3.9.7 (default, Oct 16 2021, 10:16:06)  [GCC 10.2.1 20210110]
Python main interpreter initialized at 0xaaaad684f1a0
uWSGI running as root, you can use --uid/--gid/--chroot options
*** WARNING: you are running uWSGI as root !!! (use the --uid flag) *** 
python threads support enabled
your server socket listen backlog is limited to 100 connections
your mercy for graceful operations on workers is 60 seconds
mapped 145840 bytes (142 KB) for 1 cores
*** Operational MODE: single process ***
WSGI app 0 (mountpoint='') ready in 0 seconds on interpreter 0xaaaad684f1a0 pid: 1 (default app)
mountpoint  already configured. skip.
uWSGI running as root, you can use --uid/--gid/--chroot options
*** WARNING: you are running uWSGI as root !!! (use the --uid flag) *** 
*** uWSGI is running in multiple interpreter mode ***
gracefully (RE)spawned uWSGI master process (pid: 1)
spawned uWSGI worker 1 (pid: 272, cores: 1)
Python auto-reloader enabled
[uwsgi-python-reloader] module/file /app/./app.py has been modified
...gracefully killing workers...
Gracefully killing worker 1 (pid: 272)...
worker 1 buried after 1 seconds
binary reloading uWSGI...
chdir() to /app
closing all non-uwsgi socket fds > 2 (max_fd = 1048576)...
found fd 3 mapped to socket 0 (/tmp/uwsgi.sock)
running /usr/local/bin/uwsgi
[uWSGI] getting INI configuration from /app/app.ini
*** Starting uWSGI 2.0.21 (64bit) on [Sun Mar 12 01:30:54 2023] ***
compiled with version: 10.2.1 20210110 on 10 March 2023 23:35:35
os: Linux-5.10.76-linuxkit #1 SMP PREEMPT Mon Nov 8 11:22:26 UTC 2021
nodename: e41d6c32ea02
machine: aarch64
clock source: unix
pcre jit disabled
detected number of CPU cores: 4
current working directory: /app
detected binary path: /usr/local/bin/uwsgi
uWSGI running as root, you can use --uid/--gid/--chroot options
*** WARNING: you are running uWSGI as root !!! (use the --uid flag) *** 
your memory page size is 4096 bytes
detected max file descriptor number: 1048576
lock engine: pthread robust mutexes
thunder lock: disabled (you can enable it with --thunder-lock)
uwsgi socket 0 inherited UNIX address /tmp/uwsgi.sock fd 3
uWSGI running as root, you can use --uid/--gid/--chroot options
*** WARNING: you are running uWSGI as root !!! (use the --uid flag) *** 
Python version: 3.9.7 (default, Oct 16 2021, 10:16:06)  [GCC 10.2.1 20210110]
Python main interpreter initialized at 0xaaaadc48c1a0
uWSGI running as root, you can use --uid/--gid/--chroot options
*** WARNING: you are running uWSGI as root !!! (use the --uid flag) *** 
python threads support enabled
your server socket listen backlog is limited to 100 connections
your mercy for graceful operations on workers is 60 seconds
mapped 145840 bytes (142 KB) for 1 cores
*** Operational MODE: single process ***
WSGI app 0 (mountpoint='') ready in 0 seconds on interpreter 0xaaaadc48c1a0 pid: 1 (default app)
mountpoint  already configured. skip.
uWSGI running as root, you can use --uid/--gid/--chroot options
*** WARNING: you are running uWSGI as root !!! (use the --uid flag) *** 
*** uWSGI is running in multiple interpreter mode ***
gracefully (RE)spawned uWSGI master process (pid: 1)
spawned uWSGI worker 1 (pid: 311, cores: 1)
Python auto-reloader enabled
[uwsgi-python-reloader] module/file /app/./app.py has been modified
...gracefully killing workers...
Gracefully killing worker 1 (pid: 311)...
worker 1 buried after 1 seconds
binary reloading uWSGI...
chdir() to /app
closing all non-uwsgi socket fds > 2 (max_fd = 1048576)...
found fd 3 mapped to socket 0 (/tmp/uwsgi.sock)
running /usr/local/bin/uwsgi
[uWSGI] getting INI configuration from /app/app.ini
*** Starting uWSGI 2.0.21 (64bit) on [Sun Mar 12 01:31:24 2023] ***
compiled with version: 10.2.1 20210110 on 10 March 2023 23:35:35
os: Linux-5.10.76-linuxkit #1 SMP PREEMPT Mon Nov 8 11:22:26 UTC 2021
nodename: e41d6c32ea02
machine: aarch64
clock source: unix
pcre jit disabled
detected number of CPU cores: 4
current working directory: /app
detected binary path: /usr/local/bin/uwsgi
uWSGI running as root, you can use --uid/--gid/--chroot options
*** WARNING: you are running uWSGI as root !!! (use the --uid flag) *** 
your memory page size is 4096 bytes
detected max file descriptor number: 1048576
lock engine: pthread robust mutexes
thunder lock: disabled (you can enable it with --thunder-lock)
uwsgi socket 0 inherited UNIX address /tmp/uwsgi.sock fd 3
uWSGI running as root, you can use --uid/--gid/--chroot options
*** WARNING: you are running uWSGI as root !!! (use the --uid flag) *** 
Python version: 3.9.7 (default, Oct 16 2021, 10:16:06)  [GCC 10.2.1 20210110]
Python main interpreter initialized at 0xaaaad53f11a0
uWSGI running as root, you can use --uid/--gid/--chroot options
*** WARNING: you are running uWSGI as root !!! (use the --uid flag) *** 
python threads support enabled
your server socket listen backlog is limited to 100 connections
your mercy for graceful operations on workers is 60 seconds
mapped 145840 bytes (142 KB) for 1 cores
*** Operational MODE: single process ***
WSGI app 0 (mountpoint='') ready in 0 seconds on interpreter 0xaaaad53f11a0 pid: 1 (default app)
mountpoint  already configured. skip.
uWSGI running as root, you can use --uid/--gid/--chroot options
*** WARNING: you are running uWSGI as root !!! (use the --uid flag) *** 
*** uWSGI is running in multiple interpreter mode ***
gracefully (RE)spawned uWSGI master process (pid: 1)
spawned uWSGI worker 1 (pid: 328, cores: 1)
Python auto-reloader enabled
[uwsgi-python-reloader] module/file /app/./app.py has been modified
...gracefully killing workers...
Gracefully killing worker 1 (pid: 328)...
worker 1 buried after 1 seconds
binary reloading uWSGI...
chdir() to /app
closing all non-uwsgi socket fds > 2 (max_fd = 1048576)...
found fd 3 mapped to socket 0 (/tmp/uwsgi.sock)
running /usr/local/bin/uwsgi
[uWSGI] getting INI configuration from /app/app.ini
*** Starting uWSGI 2.0.21 (64bit) on [Sun Mar 12 01:31:28 2023] ***
compiled with version: 10.2.1 20210110 on 10 March 2023 23:35:35
os: Linux-5.10.76-linuxkit #1 SMP PREEMPT Mon Nov 8 11:22:26 UTC 2021
nodename: e41d6c32ea02
machine: aarch64
clock source: unix
pcre jit disabled
detected number of CPU cores: 4
current working directory: /app
detected binary path: /usr/local/bin/uwsgi
uWSGI running as root, you can use --uid/--gid/--chroot options
*** WARNING: you are running uWSGI as root !!! (use the --uid flag) *** 
your memory page size is 4096 bytes
detected max file descriptor number: 1048576
lock engine: pthread robust mutexes
thunder lock: disabled (you can enable it with --thunder-lock)
uwsgi socket 0 inherited UNIX address /tmp/uwsgi.sock fd 3
uWSGI running as root, you can use --uid/--gid/--chroot options
*** WARNING: you are running uWSGI as root !!! (use the --uid flag) *** 
Python version: 3.9.7 (default, Oct 16 2021, 10:16:06)  [GCC 10.2.1 20210110]
Python main interpreter initialized at 0xaaaaf79481a0
uWSGI running as root, you can use --uid/--gid/--chroot options
*** WARNING: you are running uWSGI as root !!! (use the --uid flag) *** 
python threads support enabled
your server socket listen backlog is limited to 100 connections
your mercy for graceful operations on workers is 60 seconds
mapped 145840 bytes (142 KB) for 1 cores
*** Operational MODE: single process ***
WSGI app 0 (mountpoint='') ready in 0 seconds on interpreter 0xaaaaf79481a0 pid: 1 (default app)
mountpoint  already configured. skip.
uWSGI running as root, you can use --uid/--gid/--chroot options
*** WARNING: you are running uWSGI as root !!! (use the --uid flag) *** 
*** uWSGI is running in multiple interpreter mode ***
gracefully (RE)spawned uWSGI master process (pid: 1)
spawned uWSGI worker 1 (pid: 330, cores: 1)
Python auto-reloader enabled
[uwsgi-python-reloader] module/file /app/./app.py has been modified
...gracefully killing workers...
Gracefully killing worker 1 (pid: 330)...
worker 1 buried after 1 seconds
binary reloading uWSGI...
chdir() to /app
closing all non-uwsgi socket fds > 2 (max_fd = 1048576)...
found fd 3 mapped to socket 0 (/tmp/uwsgi.sock)
running /usr/local/bin/uwsgi
[uWSGI] getting INI configuration from /app/app.ini
*** Starting uWSGI 2.0.21 (64bit) on [Sun Mar 12 01:31:35 2023] ***
compiled with version: 10.2.1 20210110 on 10 March 2023 23:35:35
os: Linux-5.10.76-linuxkit #1 SMP PREEMPT Mon Nov 8 11:22:26 UTC 2021
nodename: e41d6c32ea02
machine: aarch64
clock source: unix
pcre jit disabled
detected number of CPU cores: 4
current working directory: /app
detected binary path: /usr/local/bin/uwsgi
uWSGI running as root, you can use --uid/--gid/--chroot options
*** WARNING: you are running uWSGI as root !!! (use the --uid flag) *** 
your memory page size is 4096 bytes
detected max file descriptor number: 1048576
lock engine: pthread robust mutexes
thunder lock: disabled (you can enable it with --thunder-lock)
uwsgi socket 0 inherited UNIX address /tmp/uwsgi.sock fd 3
uWSGI running as root, you can use --uid/--gid/--chroot options
*** WARNING: you are running uWSGI as root !!! (use the --uid flag) *** 
Python version: 3.9.7 (default, Oct 16 2021, 10:16:06)  [GCC 10.2.1 20210110]
Python main interpreter initialized at 0xaaaaf87241a0
uWSGI running as root, you can use --uid/--gid/--chroot options
*** WARNING: you are running uWSGI as root !!! (use the --uid flag) *** 
python threads support enabled
your server socket listen backlog is limited to 100 connections
your mercy for graceful operations on workers is 60 seconds
mapped 145840 bytes (142 KB) for 1 cores
*** Operational MODE: single process ***
WSGI app 0 (mountpoint='') ready in 0 seconds on interpreter 0xaaaaf87241a0 pid: 1 (default app)
mountpoint  already configured. skip.
uWSGI running as root, you can use --uid/--gid/--chroot options
*** WARNING: you are running uWSGI as root !!! (use the --uid flag) *** 
*** uWSGI is running in multiple interpreter mode ***
gracefully (RE)spawned uWSGI master process (pid: 1)
spawned uWSGI worker 1 (pid: 332, cores: 1)
Python auto-reloader enabled
[uwsgi-python-reloader] module/file /app/./app.py has been modified
...gracefully killing workers...
Gracefully killing worker 1 (pid: 332)...
worker 1 buried after 1 seconds
binary reloading uWSGI...
chdir() to /app
closing all non-uwsgi socket fds > 2 (max_fd = 1048576)...
found fd 3 mapped to socket 0 (/tmp/uwsgi.sock)
running /usr/local/bin/uwsgi
[uWSGI] getting INI configuration from /app/app.ini
*** Starting uWSGI 2.0.21 (64bit) on [Sun Mar 12 01:31:45 2023] ***
compiled with version: 10.2.1 20210110 on 10 March 2023 23:35:35
os: Linux-5.10.76-linuxkit #1 SMP PREEMPT Mon Nov 8 11:22:26 UTC 2021
nodename: e41d6c32ea02
machine: aarch64
clock source: unix
pcre jit disabled
detected number of CPU cores: 4
current working directory: /app
detected binary path: /usr/local/bin/uwsgi
uWSGI running as root, you can use --uid/--gid/--chroot options
*** WARNING: you are running uWSGI as root !!! (use the --uid flag) *** 
your memory page size is 4096 bytes
detected max file descriptor number: 1048576
lock engine: pthread robust mutexes
thunder lock: disabled (you can enable it with --thunder-lock)
uwsgi socket 0 inherited UNIX address /tmp/uwsgi.sock fd 3
uWSGI running as root, you can use --uid/--gid/--chroot options
*** WARNING: you are running uWSGI as root !!! (use the --uid flag) *** 
Python version: 3.9.7 (default, Oct 16 2021, 10:16:06)  [GCC 10.2.1 20210110]
Python main interpreter initialized at 0xaaaac617b1a0
uWSGI running as root, you can use --uid/--gid/--chroot options
*** WARNING: you are running uWSGI as root !!! (use the --uid flag) *** 
python threads support enabled
your server socket listen backlog is limited to 100 connections
your mercy for graceful operations on workers is 60 seconds
mapped 145840 bytes (142 KB) for 1 cores
*** Operational MODE: single process ***
WSGI app 0 (mountpoint='') ready in 0 seconds on interpreter 0xaaaac617b1a0 pid: 1 (default app)
mountpoint  already configured. skip.
uWSGI running as root, you can use --uid/--gid/--chroot options
*** WARNING: you are running uWSGI as root !!! (use the --uid flag) *** 
*** uWSGI is running in multiple interpreter mode ***
gracefully (RE)spawned uWSGI master process (pid: 1)
spawned uWSGI worker 1 (pid: 361, cores: 1)
Python auto-reloader enabled
[uwsgi-python-reloader] module/file /app/./app.py has been modified
...gracefully killing workers...
Gracefully killing worker 1 (pid: 361)...
worker 1 buried after 1 seconds
binary reloading uWSGI...
chdir() to /app
closing all non-uwsgi socket fds > 2 (max_fd = 1048576)...
found fd 3 mapped to socket 0 (/tmp/uwsgi.sock)
running /usr/local/bin/uwsgi
[uWSGI] getting INI configuration from /app/app.ini
*** Starting uWSGI 2.0.21 (64bit) on [Sun Mar 12 01:33:03 2023] ***
compiled with version: 10.2.1 20210110 on 10 March 2023 23:35:35
os: Linux-5.10.76-linuxkit #1 SMP PREEMPT Mon Nov 8 11:22:26 UTC 2021
nodename: e41d6c32ea02
machine: aarch64
clock source: unix
pcre jit disabled
detected number of CPU cores: 4
current working directory: /app
detected binary path: /usr/local/bin/uwsgi
uWSGI running as root, you can use --uid/--gid/--chroot options
*** WARNING: you are running uWSGI as root !!! (use the --uid flag) *** 
your memory page size is 4096 bytes
detected max file descriptor number: 1048576
lock engine: pthread robust mutexes
thunder lock: disabled (you can enable it with --thunder-lock)
uwsgi socket 0 inherited UNIX address /tmp/uwsgi.sock fd 3
uWSGI running as root, you can use --uid/--gid/--chroot options
*** WARNING: you are running uWSGI as root !!! (use the --uid flag) *** 
Python version: 3.9.7 (default, Oct 16 2021, 10:16:06)  [GCC 10.2.1 20210110]
Python main interpreter initialized at 0xaaaaeebc41a0
uWSGI running as root, you can use --uid/--gid/--chroot options
*** WARNING: you are running uWSGI as root !!! (use the --uid flag) *** 
python threads support enabled
your server socket listen backlog is limited to 100 connections
your mercy for graceful operations on workers is 60 seconds
mapped 145840 bytes (142 KB) for 1 cores
*** Operational MODE: single process ***
WSGI app 0 (mountpoint='') ready in 0 seconds on interpreter 0xaaaaeebc41a0 pid: 1 (default app)
mountpoint  already configured. skip.
uWSGI running as root, you can use --uid/--gid/--chroot options
*** WARNING: you are running uWSGI as root !!! (use the --uid flag) *** 
*** uWSGI is running in multiple interpreter mode ***
gracefully (RE)spawned uWSGI master process (pid: 1)
spawned uWSGI worker 1 (pid: 389, cores: 1)
Python auto-reloader enabled
[uwsgi-python-reloader] module/file /app/./app.py has been modified
...gracefully killing workers...
Gracefully killing worker 1 (pid: 389)...
worker 1 buried after 1 seconds
binary reloading uWSGI...
chdir() to /app
closing all non-uwsgi socket fds > 2 (max_fd = 1048576)...
found fd 3 mapped to socket 0 (/tmp/uwsgi.sock)
running /usr/local/bin/uwsgi
[uWSGI] getting INI configuration from /app/app.ini
*** Starting uWSGI 2.0.21 (64bit) on [Sun Mar 12 01:33:10 2023] ***
compiled with version: 10.2.1 20210110 on 10 March 2023 23:35:35
os: Linux-5.10.76-linuxkit #1 SMP PREEMPT Mon Nov 8 11:22:26 UTC 2021
nodename: e41d6c32ea02
machine: aarch64
clock source: unix
pcre jit disabled
detected number of CPU cores: 4
current working directory: /app
detected binary path: /usr/local/bin/uwsgi
uWSGI running as root, you can use --uid/--gid/--chroot options
*** WARNING: you are running uWSGI as root !!! (use the --uid flag) *** 
your memory page size is 4096 bytes
detected max file descriptor number: 1048576
lock engine: pthread robust mutexes
thunder lock: disabled (you can enable it with --thunder-lock)
uwsgi socket 0 inherited UNIX address /tmp/uwsgi.sock fd 3
uWSGI running as root, you can use --uid/--gid/--chroot options
*** WARNING: you are running uWSGI as root !!! (use the --uid flag) *** 
Python version: 3.9.7 (default, Oct 16 2021, 10:16:06)  [GCC 10.2.1 20210110]
Python main interpreter initialized at 0xaaaad0c101a0
uWSGI running as root, you can use --uid/--gid/--chroot options
*** WARNING: you are running uWSGI as root !!! (use the --uid flag) *** 
python threads support enabled
your server socket listen backlog is limited to 100 connections
your mercy for graceful operations on workers is 60 seconds
mapped 145840 bytes (142 KB) for 1 cores
*** Operational MODE: single process ***
WSGI app 0 (mountpoint='') ready in 0 seconds on interpreter 0xaaaad0c101a0 pid: 1 (default app)
mountpoint  already configured. skip.
uWSGI running as root, you can use --uid/--gid/--chroot options
*** WARNING: you are running uWSGI as root !!! (use the --uid flag) *** 
*** uWSGI is running in multiple interpreter mode ***
gracefully (RE)spawned uWSGI master process (pid: 1)
spawned uWSGI worker 1 (pid: 391, cores: 1)
Python auto-reloader enabled
[uwsgi-python-reloader] module/file /app/./app.py has been modified
...gracefully killing workers...
Gracefully killing worker 1 (pid: 391)...
worker 1 buried after 1 seconds
binary reloading uWSGI...
chdir() to /app
closing all non-uwsgi socket fds > 2 (max_fd = 1048576)...
found fd 3 mapped to socket 0 (/tmp/uwsgi.sock)
running /usr/local/bin/uwsgi
[uWSGI] getting INI configuration from /app/app.ini
*** Starting uWSGI 2.0.21 (64bit) on [Sun Mar 12 01:33:20 2023] ***
compiled with version: 10.2.1 20210110 on 10 March 2023 23:35:35
os: Linux-5.10.76-linuxkit #1 SMP PREEMPT Mon Nov 8 11:22:26 UTC 2021
nodename: e41d6c32ea02
machine: aarch64
clock source: unix
pcre jit disabled
detected number of CPU cores: 4
current working directory: /app
detected binary path: /usr/local/bin/uwsgi
uWSGI running as root, you can use --uid/--gid/--chroot options
*** WARNING: you are running uWSGI as root !!! (use the --uid flag) *** 
your memory page size is 4096 bytes
detected max file descriptor number: 1048576
lock engine: pthread robust mutexes
thunder lock: disabled (you can enable it with --thunder-lock)
uwsgi socket 0 inherited UNIX address /tmp/uwsgi.sock fd 3
uWSGI running as root, you can use --uid/--gid/--chroot options
*** WARNING: you are running uWSGI as root !!! (use the --uid flag) *** 
Python version: 3.9.7 (default, Oct 16 2021, 10:16:06)  [GCC 10.2.1 20210110]
Python main interpreter initialized at 0xaaab081ef1a0
uWSGI running as root, you can use --uid/--gid/--chroot options
*** WARNING: you are running uWSGI as root !!! (use the --uid flag) *** 
python threads support enabled
your server socket listen backlog is limited to 100 connections
your mercy for graceful operations on workers is 60 seconds
mapped 145840 bytes (142 KB) for 1 cores
*** Operational MODE: single process ***
WSGI app 0 (mountpoint='') ready in 0 seconds on interpreter 0xaaab081ef1a0 pid: 1 (default app)
mountpoint  already configured. skip.
uWSGI running as root, you can use --uid/--gid/--chroot options
*** WARNING: you are running uWSGI as root !!! (use the --uid flag) *** 
*** uWSGI is running in multiple interpreter mode ***
gracefully (RE)spawned uWSGI master process (pid: 1)
spawned uWSGI worker 1 (pid: 419, cores: 1)
Python auto-reloader enabled
[uwsgi-python-reloader] module/file /app/./app.py has been modified
...gracefully killing workers...
Gracefully killing worker 1 (pid: 419)...
worker 1 buried after 1 seconds
binary reloading uWSGI...
chdir() to /app
closing all non-uwsgi socket fds > 2 (max_fd = 1048576)...
found fd 3 mapped to socket 0 (/tmp/uwsgi.sock)
running /usr/local/bin/uwsgi
[uWSGI] getting INI configuration from /app/app.ini
*** Starting uWSGI 2.0.21 (64bit) on [Sun Mar 12 01:33:42 2023] ***
compiled with version: 10.2.1 20210110 on 10 March 2023 23:35:35
os: Linux-5.10.76-linuxkit #1 SMP PREEMPT Mon Nov 8 11:22:26 UTC 2021
nodename: e41d6c32ea02
machine: aarch64
clock source: unix
pcre jit disabled
detected number of CPU cores: 4
current working directory: /app
detected binary path: /usr/local/bin/uwsgi
uWSGI running as root, you can use --uid/--gid/--chroot options
*** WARNING: you are running uWSGI as root !!! (use the --uid flag) *** 
your memory page size is 4096 bytes
detected max file descriptor number: 1048576
lock engine: pthread robust mutexes
thunder lock: disabled (you can enable it with --thunder-lock)
uwsgi socket 0 inherited UNIX address /tmp/uwsgi.sock fd 3
uWSGI running as root, you can use --uid/--gid/--chroot options
*** WARNING: you are running uWSGI as root !!! (use the --uid flag) *** 
Python version: 3.9.7 (default, Oct 16 2021, 10:16:06)  [GCC 10.2.1 20210110]
Python main interpreter initialized at 0xaaaae0a331a0
uWSGI running as root, you can use --uid/--gid/--chroot options
*** WARNING: you are running uWSGI as root !!! (use the --uid flag) *** 
python threads support enabled
your server socket listen backlog is limited to 100 connections
your mercy for graceful operations on workers is 60 seconds
mapped 145840 bytes (142 KB) for 1 cores
*** Operational MODE: single process ***
WSGI app 0 (mountpoint='') ready in 0 seconds on interpreter 0xaaaae0a331a0 pid: 1 (default app)
mountpoint  already configured. skip.
uWSGI running as root, you can use --uid/--gid/--chroot options
*** WARNING: you are running uWSGI as root !!! (use the --uid flag) *** 
*** uWSGI is running in multiple interpreter mode ***
gracefully (RE)spawned uWSGI master process (pid: 1)
spawned uWSGI worker 1 (pid: 448, cores: 1)
Python auto-reloader enabled
[uwsgi-python-reloader] module/file /app/./app.py has been modified
...gracefully killing workers...
Gracefully killing worker 1 (pid: 448)...
worker 1 buried after 1 seconds
binary reloading uWSGI...
chdir() to /app
closing all non-uwsgi socket fds > 2 (max_fd = 1048576)...
found fd 3 mapped to socket 0 (/tmp/uwsgi.sock)
running /usr/local/bin/uwsgi
[uWSGI] getting INI configuration from /app/app.ini
*** Starting uWSGI 2.0.21 (64bit) on [Sun Mar 12 01:33:46 2023] ***
compiled with version: 10.2.1 20210110 on 10 March 2023 23:35:35
os: Linux-5.10.76-linuxkit #1 SMP PREEMPT Mon Nov 8 11:22:26 UTC 2021
nodename: e41d6c32ea02
machine: aarch64
clock source: unix
pcre jit disabled
detected number of CPU cores: 4
current working directory: /app
detected binary path: /usr/local/bin/uwsgi
uWSGI running as root, you can use --uid/--gid/--chroot options
*** WARNING: you are running uWSGI as root !!! (use the --uid flag) *** 
your memory page size is 4096 bytes
detected max file descriptor number: 1048576
lock engine: pthread robust mutexes
thunder lock: disabled (you can enable it with --thunder-lock)
uwsgi socket 0 inherited UNIX address /tmp/uwsgi.sock fd 3
uWSGI running as root, you can use --uid/--gid/--chroot options
*** WARNING: you are running uWSGI as root !!! (use the --uid flag) *** 
Python version: 3.9.7 (default, Oct 16 2021, 10:16:06)  [GCC 10.2.1 20210110]
Python main interpreter initialized at 0xaaaaf547c1a0
uWSGI running as root, you can use --uid/--gid/--chroot options
*** WARNING: you are running uWSGI as root !!! (use the --uid flag) *** 
python threads support enabled
your server socket listen backlog is limited to 100 connections
your mercy for graceful operations on workers is 60 seconds
mapped 145840 bytes (142 KB) for 1 cores
*** Operational MODE: single process ***
WSGI app 0 (mountpoint='') ready in 0 seconds on interpreter 0xaaaaf547c1a0 pid: 1 (default app)
mountpoint  already configured. skip.
uWSGI running as root, you can use --uid/--gid/--chroot options
*** WARNING: you are running uWSGI as root !!! (use the --uid flag) *** 
*** uWSGI is running in multiple interpreter mode ***
gracefully (RE)spawned uWSGI master process (pid: 1)
spawned uWSGI worker 1 (pid: 450, cores: 1)
Python auto-reloader enabled
[uwsgi-python-reloader] module/file /app/./app.py has been modified
...gracefully killing workers...
Gracefully killing worker 1 (pid: 450)...
worker 1 buried after 1 seconds
binary reloading uWSGI...
chdir() to /app
closing all non-uwsgi socket fds > 2 (max_fd = 1048576)...
found fd 3 mapped to socket 0 (/tmp/uwsgi.sock)
running /usr/local/bin/uwsgi
[uWSGI] getting INI configuration from /app/app.ini
*** Starting uWSGI 2.0.21 (64bit) on [Sun Mar 12 01:34:30 2023] ***
compiled with version: 10.2.1 20210110 on 10 March 2023 23:35:35
os: Linux-5.10.76-linuxkit #1 SMP PREEMPT Mon Nov 8 11:22:26 UTC 2021
nodename: e41d6c32ea02
machine: aarch64
clock source: unix
pcre jit disabled
detected number of CPU cores: 4
current working directory: /app
detected binary path: /usr/local/bin/uwsgi
uWSGI running as root, you can use --uid/--gid/--chroot options
*** WARNING: you are running uWSGI as root !!! (use the --uid flag) *** 
your memory page size is 4096 bytes
detected max file descriptor number: 1048576
lock engine: pthread robust mutexes
thunder lock: disabled (you can enable it with --thunder-lock)
uwsgi socket 0 inherited UNIX address /tmp/uwsgi.sock fd 3
uWSGI running as root, you can use --uid/--gid/--chroot options
*** WARNING: you are running uWSGI as root !!! (use the --uid flag) *** 
Python version: 3.9.7 (default, Oct 16 2021, 10:16:06)  [GCC 10.2.1 20210110]
Python main interpreter initialized at 0xaaaacb48f1a0
uWSGI running as root, you can use --uid/--gid/--chroot options
*** WARNING: you are running uWSGI as root !!! (use the --uid flag) *** 
python threads support enabled
your server socket listen backlog is limited to 100 connections
your mercy for graceful operations on workers is 60 seconds
mapped 145840 bytes (142 KB) for 1 cores
*** Operational MODE: single process ***
WSGI app 0 (mountpoint='') ready in 0 seconds on interpreter 0xaaaacb48f1a0 pid: 1 (default app)
mountpoint  already configured. skip.
uWSGI running as root, you can use --uid/--gid/--chroot options
*** WARNING: you are running uWSGI as root !!! (use the --uid flag) *** 
*** uWSGI is running in multiple interpreter mode ***
gracefully (RE)spawned uWSGI master process (pid: 1)
spawned uWSGI worker 1 (pid: 479, cores: 1)
Python auto-reloader enabled
[uwsgi-python-reloader] module/file /app/./app.py has been modified
...gracefully killing workers...
Gracefully killing worker 1 (pid: 479)...
worker 1 buried after 1 seconds
binary reloading uWSGI...
chdir() to /app
closing all non-uwsgi socket fds > 2 (max_fd = 1048576)...
found fd 3 mapped to socket 0 (/tmp/uwsgi.sock)
running /usr/local/bin/uwsgi
[uWSGI] getting INI configuration from /app/app.ini
*** Starting uWSGI 2.0.21 (64bit) on [Sun Mar 12 01:34:46 2023] ***
compiled with version: 10.2.1 20210110 on 10 March 2023 23:35:35
os: Linux-5.10.76-linuxkit #1 SMP PREEMPT Mon Nov 8 11:22:26 UTC 2021
nodename: e41d6c32ea02
machine: aarch64
clock source: unix
pcre jit disabled
detected number of CPU cores: 4
current working directory: /app
detected binary path: /usr/local/bin/uwsgi
uWSGI running as root, you can use --uid/--gid/--chroot options
*** WARNING: you are running uWSGI as root !!! (use the --uid flag) *** 
your memory page size is 4096 bytes
detected max file descriptor number: 1048576
lock engine: pthread robust mutexes
thunder lock: disabled (you can enable it with --thunder-lock)
uwsgi socket 0 inherited UNIX address /tmp/uwsgi.sock fd 3
uWSGI running as root, you can use --uid/--gid/--chroot options
*** WARNING: you are running uWSGI as root !!! (use the --uid flag) *** 
Python version: 3.9.7 (default, Oct 16 2021, 10:16:06)  [GCC 10.2.1 20210110]
Python main interpreter initialized at 0xaaaadbaee1a0
uWSGI running as root, you can use --uid/--gid/--chroot options
*** WARNING: you are running uWSGI as root !!! (use the --uid flag) *** 
python threads support enabled
your server socket listen backlog is limited to 100 connections
your mercy for graceful operations on workers is 60 seconds
mapped 145840 bytes (142 KB) for 1 cores
*** Operational MODE: single process ***
WSGI app 0 (mountpoint='') ready in 0 seconds on interpreter 0xaaaadbaee1a0 pid: 1 (default app)
mountpoint  already configured. skip.
uWSGI running as root, you can use --uid/--gid/--chroot options
*** WARNING: you are running uWSGI as root !!! (use the --uid flag) *** 
*** uWSGI is running in multiple interpreter mode ***
gracefully (RE)spawned uWSGI master process (pid: 1)
spawned uWSGI worker 1 (pid: 509, cores: 1)
Python auto-reloader enabled
[uwsgi-python-reloader] module/file /app/./app.py has been modified
...gracefully killing workers...
Gracefully killing worker 1 (pid: 509)...
worker 1 buried after 1 seconds
binary reloading uWSGI...
chdir() to /app
closing all non-uwsgi socket fds > 2 (max_fd = 1048576)...
found fd 3 mapped to socket 0 (/tmp/uwsgi.sock)
running /usr/local/bin/uwsgi
[uWSGI] getting INI configuration from /app/app.ini
*** Starting uWSGI 2.0.21 (64bit) on [Sun Mar 12 01:35:12 2023] ***
compiled with version: 10.2.1 20210110 on 10 March 2023 23:35:35
os: Linux-5.10.76-linuxkit #1 SMP PREEMPT Mon Nov 8 11:22:26 UTC 2021
nodename: e41d6c32ea02
machine: aarch64
clock source: unix
pcre jit disabled
detected number of CPU cores: 4
current working directory: /app
detected binary path: /usr/local/bin/uwsgi
uWSGI running as root, you can use --uid/--gid/--chroot options
*** WARNING: you are running uWSGI as root !!! (use the --uid flag) *** 
your memory page size is 4096 bytes
detected max file descriptor number: 1048576
lock engine: pthread robust mutexes
thunder lock: disabled (you can enable it with --thunder-lock)
uwsgi socket 0 inherited UNIX address /tmp/uwsgi.sock fd 3
uWSGI running as root, you can use --uid/--gid/--chroot options
*** WARNING: you are running uWSGI as root !!! (use the --uid flag) *** 
Python version: 3.9.7 (default, Oct 16 2021, 10:16:06)  [GCC 10.2.1 20210110]
Python main interpreter initialized at 0xaaaaf80d31a0
uWSGI running as root, you can use --uid/--gid/--chroot options
*** WARNING: you are running uWSGI as root !!! (use the --uid flag) *** 
python threads support enabled
your server socket listen backlog is limited to 100 connections
your mercy for graceful operations on workers is 60 seconds
mapped 145840 bytes (142 KB) for 1 cores
*** Operational MODE: single process ***
WSGI app 0 (mountpoint='') ready in 1 seconds on interpreter 0xaaaaf80d31a0 pid: 1 (default app)
mountpoint  already configured. skip.
uWSGI running as root, you can use --uid/--gid/--chroot options
*** WARNING: you are running uWSGI as root !!! (use the --uid flag) *** 
*** uWSGI is running in multiple interpreter mode ***
gracefully (RE)spawned uWSGI master process (pid: 1)
spawned uWSGI worker 1 (pid: 536, cores: 1)
Python auto-reloader enabled
[uwsgi-python-reloader] module/file /app/./app.py has been modified
...gracefully killing workers...
Gracefully killing worker 1 (pid: 536)...
worker 1 buried after 1 seconds
binary reloading uWSGI...
chdir() to /app
closing all non-uwsgi socket fds > 2 (max_fd = 1048576)...
found fd 3 mapped to socket 0 (/tmp/uwsgi.sock)
running /usr/local/bin/uwsgi
[uWSGI] getting INI configuration from /app/app.ini
*** Starting uWSGI 2.0.21 (64bit) on [Sun Mar 12 01:35:20 2023] ***
compiled with version: 10.2.1 20210110 on 10 March 2023 23:35:35
os: Linux-5.10.76-linuxkit #1 SMP PREEMPT Mon Nov 8 11:22:26 UTC 2021
nodename: e41d6c32ea02
machine: aarch64
clock source: unix
pcre jit disabled
detected number of CPU cores: 4
current working directory: /app
detected binary path: /usr/local/bin/uwsgi
uWSGI running as root, you can use --uid/--gid/--chroot options
*** WARNING: you are running uWSGI as root !!! (use the --uid flag) *** 
your memory page size is 4096 bytes
detected max file descriptor number: 1048576
lock engine: pthread robust mutexes
thunder lock: disabled (you can enable it with --thunder-lock)
uwsgi socket 0 inherited UNIX address /tmp/uwsgi.sock fd 3
uWSGI running as root, you can use --uid/--gid/--chroot options
*** WARNING: you are running uWSGI as root !!! (use the --uid flag) *** 
Python version: 3.9.7 (default, Oct 16 2021, 10:16:06)  [GCC 10.2.1 20210110]
Python main interpreter initialized at 0xaaaad9dbf1a0
uWSGI running as root, you can use --uid/--gid/--chroot options
*** WARNING: you are running uWSGI as root !!! (use the --uid flag) *** 
python threads support enabled
your server socket listen backlog is limited to 100 connections
your mercy for graceful operations on workers is 60 seconds
mapped 145840 bytes (142 KB) for 1 cores
*** Operational MODE: single process ***
WSGI app 0 (mountpoint='') ready in 0 seconds on interpreter 0xaaaad9dbf1a0 pid: 1 (default app)
mountpoint  already configured. skip.
uWSGI running as root, you can use --uid/--gid/--chroot options
*** WARNING: you are running uWSGI as root !!! (use the --uid flag) *** 
*** uWSGI is running in multiple interpreter mode ***
gracefully (RE)spawned uWSGI master process (pid: 1)
spawned uWSGI worker 1 (pid: 538, cores: 1)
Python auto-reloader enabled
